info it worked if it ends with ok
verbose cli [ 'node', '/usr/local/bin/npm', 'publish' ]
info using npm@1.1.0-beta-10
info using node@v0.6.7
verbose /usr/local/bin/node node symlink
verbose config file /Users/PlayUp/.npmrc
verbose config file /usr/local/etc/npmrc
verbose config file /usr/local/lib/node_modules/npm/npmrc
verbose publish [ '.' ]
verbose caching /Users/PlayUp/playup/projects/sally/package.json
verbose loadDefaults sally@0.0.2
info prepublish sally@0.0.2
verbose cache add [ '.', null ]
silly cache add: name, spec, args [ undefined, '.', [ '.', null ] ]
verbose parsed url { pathname: '.', path: '.', href: '.' }
verbose caching package.json
verbose loadDefaults sally@0.0.2
verbose pack /Users/PlayUp/playup/projects/sally
verbose pack /Users/PlayUp/playup/projects/sally /var/folders/jf/qjqwdh6908946tsdm48t4mwc0000gn/T/npm-1329029102041/1329029102041-0.06879774550907314/tmp.tgz
silly makeList /Users/PlayUp/playup/projects/sally
verbose caching /Users/PlayUp/playup/projects/sally/modules/commander.js/package.json
verbose loadDefaults commander@0.4.2
silly dir, dirLen [ '/Users/PlayUp/playup/projects/sally/modules/commander.js',
silly dir, dirLen   57 ]
silly dir, dirLen [ '/Users/PlayUp/playup/projects/sally', 36 ]
verbose tarball /var/folders/jf/qjqwdh6908946tsdm48t4mwc0000gn/T/npm-1329029102041/1329029102041-0.06879774550907314/tmp.tgz
verbose parent /Users/PlayUp/playup/projects/sally
verbose mkdir (expected) error ENOENT, no such file or directory '/var/folders/jf/qjqwdh6908946tsdm48t4mwc0000gn/T/npm-1329029102041/1329029102041-0.06879774550907314/___package.npm'
verbose mkdir done: /var/folders/jf/qjqwdh6908946tsdm48t4mwc0000gn/T/npm-1329029102041/1329029102041-0.06879774550907314/___package.npm 755
verbose unpack_ uid, gid [ undefined, undefined ]
verbose unpackTarget /var/folders/jf/qjqwdh6908946tsdm48t4mwc0000gn/T/npm-1329029102041/1329029102041-0.06879774550907314/package
silly gunzTarPerm modes [ '755', '644' ]
silly afterUntar undefined
silly asyncMap in gTP /var/folders/jf/qjqwdh6908946tsdm48t4mwc0000gn/T/npm-1329029102041/1329029102041-0.06879774550907314/___package.npm/sally
silly asyncMap in gTP /var/folders/jf/qjqwdh6908946tsdm48t4mwc0000gn/T/npm-1329029102041/1329029102041-0.06879774550907314/___package.npm/sally/package.json
silly asyncMap in gTP /var/folders/jf/qjqwdh6908946tsdm48t4mwc0000gn/T/npm-1329029102041/1329029102041-0.06879774550907314/___package.npm/sally/README.md
silly asyncMap in gTP /var/folders/jf/qjqwdh6908946tsdm48t4mwc0000gn/T/npm-1329029102041/1329029102041-0.06879774550907314/___package.npm/sally/sshexp.sh
silly asyncMap in gTP /var/folders/jf/qjqwdh6908946tsdm48t4mwc0000gn/T/npm-1329029102041/1329029102041-0.06879774550907314/___package.npm/sally/test.js
silly asyncMap in gTP /var/folders/jf/qjqwdh6908946tsdm48t4mwc0000gn/T/npm-1329029102041/1329029102041-0.06879774550907314/___package.npm/sally/bin
silly asyncMap in gTP /var/folders/jf/qjqwdh6908946tsdm48t4mwc0000gn/T/npm-1329029102041/1329029102041-0.06879774550907314/___package.npm/sally/bin/cli.js
silly asyncMap in gTP /var/folders/jf/qjqwdh6908946tsdm48t4mwc0000gn/T/npm-1329029102041/1329029102041-0.06879774550907314/___package.npm/sally/lib
silly asyncMap in gTP /var/folders/jf/qjqwdh6908946tsdm48t4mwc0000gn/T/npm-1329029102041/1329029102041-0.06879774550907314/___package.npm/sally/lib/const.js
silly asyncMap in gTP /var/folders/jf/qjqwdh6908946tsdm48t4mwc0000gn/T/npm-1329029102041/1329029102041-0.06879774550907314/___package.npm/sally/lib/index.js
silly asyncMap in gTP /var/folders/jf/qjqwdh6908946tsdm48t4mwc0000gn/T/npm-1329029102041/1329029102041-0.06879774550907314/___package.npm/sally/lib/LoadRunner.js
silly asyncMap in gTP /var/folders/jf/qjqwdh6908946tsdm48t4mwc0000gn/T/npm-1329029102041/1329029102041-0.06879774550907314/___package.npm/sally/lib/Monitor.js
silly asyncMap in gTP /var/folders/jf/qjqwdh6908946tsdm48t4mwc0000gn/T/npm-1329029102041/1329029102041-0.06879774550907314/___package.npm/sally/lib/util.js
silly asyncMap in gTP /var/folders/jf/qjqwdh6908946tsdm48t4mwc0000gn/T/npm-1329029102041/1329029102041-0.06879774550907314/___package.npm/sally/lib/worker.js
silly asyncMap in gTP /var/folders/jf/qjqwdh6908946tsdm48t4mwc0000gn/T/npm-1329029102041/1329029102041-0.06879774550907314/___package.npm/sally/modules
silly asyncMap in gTP /var/folders/jf/qjqwdh6908946tsdm48t4mwc0000gn/T/npm-1329029102041/1329029102041-0.06879774550907314/___package.npm/sally/modules/colored
silly asyncMap in gTP /var/folders/jf/qjqwdh6908946tsdm48t4mwc0000gn/T/npm-1329029102041/1329029102041-0.06879774550907314/___package.npm/sally/modules/colored/index.js
silly asyncMap in gTP /var/folders/jf/qjqwdh6908946tsdm48t4mwc0000gn/T/npm-1329029102041/1329029102041-0.06879774550907314/___package.npm/sally/modules/commander.js
silly asyncMap in gTP /var/folders/jf/qjqwdh6908946tsdm48t4mwc0000gn/T/npm-1329029102041/1329029102041-0.06879774550907314/___package.npm/sally/modules/commander.js/.npmignore
silly asyncMap in gTP /var/folders/jf/qjqwdh6908946tsdm48t4mwc0000gn/T/npm-1329029102041/1329029102041-0.06879774550907314/___package.npm/sally/modules/commander.js/.travis.yml
silly asyncMap in gTP /var/folders/jf/qjqwdh6908946tsdm48t4mwc0000gn/T/npm-1329029102041/1329029102041-0.06879774550907314/___package.npm/sally/modules/commander.js/History.md
silly asyncMap in gTP /var/folders/jf/qjqwdh6908946tsdm48t4mwc0000gn/T/npm-1329029102041/1329029102041-0.06879774550907314/___package.npm/sally/modules/commander.js/index.js
silly asyncMap in gTP /var/folders/jf/qjqwdh6908946tsdm48t4mwc0000gn/T/npm-1329029102041/1329029102041-0.06879774550907314/___package.npm/sally/modules/commander.js/Makefile
silly asyncMap in gTP /var/folders/jf/qjqwdh6908946tsdm48t4mwc0000gn/T/npm-1329029102041/1329029102041-0.06879774550907314/___package.npm/sally/modules/commander.js/package.json
silly asyncMap in gTP /var/folders/jf/qjqwdh6908946tsdm48t4mwc0000gn/T/npm-1329029102041/1329029102041-0.06879774550907314/___package.npm/sally/modules/commander.js/Readme.md
silly asyncMap in gTP /var/folders/jf/qjqwdh6908946tsdm48t4mwc0000gn/T/npm-1329029102041/1329029102041-0.06879774550907314/___package.npm/sally/modules/commander.js/lib
silly asyncMap in gTP /var/folders/jf/qjqwdh6908946tsdm48t4mwc0000gn/T/npm-1329029102041/1329029102041-0.06879774550907314/___package.npm/sally/modules/commander.js/lib/commander.js
verbose gunzed /var/folders/jf/qjqwdh6908946tsdm48t4mwc0000gn/T/npm-1329029102041/1329029102041-0.06879774550907314/___package.npm/sally
verbose rm'ed /var/folders/jf/qjqwdh6908946tsdm48t4mwc0000gn/T/npm-1329029102041/1329029102041-0.06879774550907314/package
verbose renamed [ '/var/folders/jf/qjqwdh6908946tsdm48t4mwc0000gn/T/npm-1329029102041/1329029102041-0.06879774550907314/___package.npm/sally',
verbose renamed   '/var/folders/jf/qjqwdh6908946tsdm48t4mwc0000gn/T/npm-1329029102041/1329029102041-0.06879774550907314/package' ]
verbose caching /var/folders/jf/qjqwdh6908946tsdm48t4mwc0000gn/T/npm-1329029102041/1329029102041-0.06879774550907314/package/package.json
verbose loadDefaults sally@0.0.2
verbose tarball contents [ 'package', 'tmp.tgz' ]
verbose from cache /var/folders/jf/qjqwdh6908946tsdm48t4mwc0000gn/T/npm-1329029102041/1329029102041-0.06879774550907314/package/package.json
verbose pack /var/folders/jf/qjqwdh6908946tsdm48t4mwc0000gn/T/npm-1329029102041/1329029102041-0.06879774550907314/package
verbose pack /var/folders/jf/qjqwdh6908946tsdm48t4mwc0000gn/T/npm-1329029102041/1329029102041-0.06879774550907314/package /Users/PlayUp/.npm/sally/0.0.2/package.tgz
silly makeList /var/folders/jf/qjqwdh6908946tsdm48t4mwc0000gn/T/npm-1329029102041/1329029102041-0.06879774550907314/package
verbose caching /var/folders/jf/qjqwdh6908946tsdm48t4mwc0000gn/T/npm-1329029102041/1329029102041-0.06879774550907314/package/modules/commander.js/package.json
verbose loadDefaults commander@0.4.2
silly dir, dirLen [ '/var/folders/jf/qjqwdh6908946tsdm48t4mwc0000gn/T/npm-1329029102041/1329029102041-0.06879774550907314/package/modules/commander.js',
silly dir, dirLen   130 ]
silly dir, dirLen [ '/var/folders/jf/qjqwdh6908946tsdm48t4mwc0000gn/T/npm-1329029102041/1329029102041-0.06879774550907314/package',
silly dir, dirLen   109 ]
verbose tarball /Users/PlayUp/.npm/sally/0.0.2/package.tgz
verbose parent /var/folders/jf/qjqwdh6908946tsdm48t4mwc0000gn/T/npm-1329029102041/1329029102041-0.06879774550907314/package
verbose mkdir (expected) error ENOENT, no such file or directory '/Users/PlayUp/.npm/sally/0.0.2/___package.npm'
verbose mkdir done: /Users/PlayUp/.npm/sally/0.0.2/___package.npm 755
verbose unpack_ uid, gid [ undefined, undefined ]
verbose unpackTarget /Users/PlayUp/.npm/sally/0.0.2/package
silly gunzTarPerm modes [ '755', '644' ]
silly afterUntar undefined
silly asyncMap in gTP /Users/PlayUp/.npm/sally/0.0.2/___package.npm/package
silly asyncMap in gTP /Users/PlayUp/.npm/sally/0.0.2/___package.npm/package/package.json
silly asyncMap in gTP /Users/PlayUp/.npm/sally/0.0.2/___package.npm/package/README.md
silly asyncMap in gTP /Users/PlayUp/.npm/sally/0.0.2/___package.npm/package/sshexp.sh
silly asyncMap in gTP /Users/PlayUp/.npm/sally/0.0.2/___package.npm/package/test.js
silly asyncMap in gTP /Users/PlayUp/.npm/sally/0.0.2/___package.npm/package/bin
silly asyncMap in gTP /Users/PlayUp/.npm/sally/0.0.2/___package.npm/package/bin/cli.js
silly asyncMap in gTP /Users/PlayUp/.npm/sally/0.0.2/___package.npm/package/lib
silly asyncMap in gTP /Users/PlayUp/.npm/sally/0.0.2/___package.npm/package/lib/const.js
silly asyncMap in gTP /Users/PlayUp/.npm/sally/0.0.2/___package.npm/package/lib/index.js
silly asyncMap in gTP /Users/PlayUp/.npm/sally/0.0.2/___package.npm/package/lib/LoadRunner.js
silly asyncMap in gTP /Users/PlayUp/.npm/sally/0.0.2/___package.npm/package/lib/Monitor.js
silly asyncMap in gTP /Users/PlayUp/.npm/sally/0.0.2/___package.npm/package/lib/util.js
silly asyncMap in gTP /Users/PlayUp/.npm/sally/0.0.2/___package.npm/package/lib/worker.js
silly asyncMap in gTP /Users/PlayUp/.npm/sally/0.0.2/___package.npm/package/modules
silly asyncMap in gTP /Users/PlayUp/.npm/sally/0.0.2/___package.npm/package/modules/colored
silly asyncMap in gTP /Users/PlayUp/.npm/sally/0.0.2/___package.npm/package/modules/colored/index.js
silly asyncMap in gTP /Users/PlayUp/.npm/sally/0.0.2/___package.npm/package/modules/commander.js
silly asyncMap in gTP /Users/PlayUp/.npm/sally/0.0.2/___package.npm/package/modules/commander.js/.npmignore
silly asyncMap in gTP /Users/PlayUp/.npm/sally/0.0.2/___package.npm/package/modules/commander.js/.travis.yml
silly asyncMap in gTP /Users/PlayUp/.npm/sally/0.0.2/___package.npm/package/modules/commander.js/History.md
silly asyncMap in gTP /Users/PlayUp/.npm/sally/0.0.2/___package.npm/package/modules/commander.js/index.js
silly asyncMap in gTP /Users/PlayUp/.npm/sally/0.0.2/___package.npm/package/modules/commander.js/Makefile
silly asyncMap in gTP /Users/PlayUp/.npm/sally/0.0.2/___package.npm/package/modules/commander.js/package.json
silly asyncMap in gTP /Users/PlayUp/.npm/sally/0.0.2/___package.npm/package/modules/commander.js/Readme.md
silly asyncMap in gTP /Users/PlayUp/.npm/sally/0.0.2/___package.npm/package/modules/commander.js/lib
silly asyncMap in gTP /Users/PlayUp/.npm/sally/0.0.2/___package.npm/package/modules/commander.js/lib/commander.js
verbose gunzed /Users/PlayUp/.npm/sally/0.0.2/___package.npm/package
verbose rm'ed /Users/PlayUp/.npm/sally/0.0.2/package
verbose renamed [ '/Users/PlayUp/.npm/sally/0.0.2/___package.npm/package',
verbose renamed   '/Users/PlayUp/.npm/sally/0.0.2/package' ]
verbose caching /Users/PlayUp/.npm/sally/0.0.2/package/package.json
verbose loadDefaults sally@0.0.2
silly updated sha bytes 20591
info shasum e10033ebd3defd5e7bc56c978dd24f0023eff5f4
info shasum /Users/PlayUp/.npm/sally/0.0.2/package.tgz
verbose from cache /Users/PlayUp/.npm/sally/0.0.2/package/package.json
verbose chmod /Users/PlayUp/.npm/sally/0.0.2/package.tgz 644
verbose chown [ '/Users/PlayUp/.npm/sally/0.0.2/package.tgz', 501, 20 ]
silly publish { name: 'sally',
silly publish   version: '0.0.2',
silly publish   description: 'A tool that distributes SSA suites to a cluster in order to test load',
silly publish   author: { name: 'Pete Diemert', email: 'pete_diemert@msn.com' },
silly publish   dependencies: { zmq: '>= 2.0.0', underscore: '>= 1.3.0' },
silly publish   devDependencies: {},
silly publish   engine: 'node >= 0.4.12',
silly publish   main: './lib/index.js',
silly publish   keywords: [ 'testing', 'async', 'vows', 'apieasy', 'rest', 'loadtest' ],
silly publish   repository: { type: 'git', url: 'git://github.com:pdiemert/sally.git' },
silly publish   bin: { sally: './bin/cli.js' },
silly publish   _npmUser: { name: 'pdiemert', email: 'pete@playup.com' },
silly publish   _id: 'sally@0.0.2',
silly publish   engines: { node: '*' },
silly publish   _engineSupported: true,
silly publish   _npmVersion: '1.1.0-beta-10',
silly publish   _nodeVersion: 'v0.6.7',
silly publish   _defaultsLoaded: true,
silly publish   dist: 
silly publish    { shasum: 'e10033ebd3defd5e7bc56c978dd24f0023eff5f4',
silly publish      tarball: 'http://registry.npmjs.org/sally/-/sally-0.0.2.tgz' } }
verbose raw, before any munging sally
verbose url resolving [ 'https://registry.npmjs.org/', './sally' ]
verbose url resolved https://registry.npmjs.org/sally
http PUT https://registry.npmjs.org/sally
http 409 https://registry.npmjs.org/sally
verbose raw, before any munging sally
verbose url resolving [ 'https://registry.npmjs.org/', './sally' ]
verbose url resolved https://registry.npmjs.org/sally
http GET https://registry.npmjs.org/sally
http 200 https://registry.npmjs.org/sally
info Already published sally@0.0.2
verbose uploading bin dists []
ERR! publish fail Cannot publish over existing version.
ERR! publish fail Bump the 'version' field, set the --force flag, or
ERR! publish fail     npm unpublish 'sally@0.0.2'
ERR! publish fail and try again
ERR! 
ERR! System Darwin 11.3.0
ERR! command "node" "/usr/local/bin/npm" "publish"
ERR! cwd /Users/PlayUp/playup/projects/sally
ERR! node -v v0.6.7
ERR! npm -v 1.1.0-beta-10
ERR! code EPUBLISHCONFLICT
ERR! message publish fail
verbose exit [ 1, true ]
